<?xml version="1.0" encoding="UTF-8"?>
<!-- Generated by org.testng.reporters.JUnitReportReporter -->
<testsuite skipped="0" hostname="PC-SunnyM" name="selenium4.RelativeLocators" tests="1" failures="0" timestamp="2019-11-18T15:34:48 IST" time="0.051" errors="0">
  <testcase name="Test1" time="0.051" classname="selenium4.RelativeLocators"/>
</testsuite> <!-- selenium4.RelativeLocators -->
