<?xml version="1.0" encoding="UTF-8"?>
<!-- Generated by org.testng.reporters.JUnitReportReporter -->
<testsuite skipped="0" hostname="PC-SunnyM" name="selenium4.RelativeLocators" tests="1" failures="0" timestamp="2019-11-15T18:26:47 IST" time="0.068" errors="0">
  <testcase name="Test1" time="0.068" classname="selenium4.RelativeLocators"/>
</testsuite> <!-- selenium4.RelativeLocators -->
